Vivado Simulator v2022.2
Copyright 1986-1999, 2001-2022 Xilinx, Inc. All Rights Reserved.
Running: /home/gralerfics/MyFiles/Softwares/Xilinx/Vivado/2022.2/bin/unwrapped/lnx64.o/xelab --incr --debug typical --relax --mt 32 -L xil_defaultlib -L blk_mem_gen_v8_4_5 -L unisims_ver -L unimacro_ver -L secureip -L xpm --snapshot block_collision_tb_behav xil_defaultlib.block_collision_tb xil_defaultlib.glbl -log elaborate.log 
Using 32 slave threads.
Starting static elaboration
Pass Through NonSizing Optimizer
Completed static elaboration
Starting simulation data flow analysis
Completed simulation data flow analysis
Time Resolution for simulation is 1ps
Compiling package std.standard
Compiling package std.textio
Compiling package ieee.std_logic_1164
Compiling package xil_defaultlib.constants
Compiling package xil_defaultlib.types
Compiling package ieee.numeric_std
Compiling module xil_defaultlib.glbl
Compiling architecture behavioral of entity xil_defaultlib.plane_collision [plane_collision_default]
Compiling architecture behavioral of entity xil_defaultlib.plane_collision [\plane_collision(t=y_axis)\]
Compiling architecture behavioral of entity xil_defaultlib.plane_collision [\plane_collision(t=z_axis)\]
Compiling architecture behavioral of entity xil_defaultlib.block_collision [block_collision_default]
Compiling architecture behavioral of entity xil_defaultlib.block_collision_tb
Built simulation snapshot block_collision_tb_behav
