Vivado Simulator v2022.2
Copyright 1986-1999, 2001-2022 Xilinx, Inc. All Rights Reserved.
Running: /home/gralerfics/MyFiles/Softwares/Xilinx/Vivado/2022.2/bin/unwrapped/lnx64.o/xelab --incr --debug typical --relax --mt 32 --maxdelay -L xil_defaultlib -L simprims_ver -L secureip --snapshot top_module_tb_time_impl -transport_int_delays -pulse_r 0 -pulse_int_r 0 -pulse_e 0 -pulse_int_e 0 xil_defaultlib.top_module_tb xil_defaultlib.glbl -log elaborate.log 
Using 32 slave threads.
Starting static elaboration
Pass Through NonSizing Optimizer
Completed static elaboration
Starting simulation data flow analysis
Completed simulation data flow analysis
INFO: [XSIM 43-3451] SDF backannotation process started with SDF file "top_module_tb_time_impl.sdf", for root module "top_module_tb/uut".
INFO: [XSIM 43-3452] SDF backannotation was successful for SDF file "top_module_tb_time_impl.sdf", for root module "top_module_tb/uut".
Time Resolution for simulation is 1ps
Compiling package std.standard
Compiling package std.textio
Compiling package ieee.std_logic_1164
Compiling package vl.vl_types
Compiling module xil_defaultlib.glbl
Compiling module simprims_ver.x_lut1_mux2
Compiling module simprims_ver.LUT1
Compiling module simprims_ver.OBUF
Compiling module simprims_ver.latchsre_ldce
Compiling module simprims_ver.LDCE
Compiling module simprims_ver.CARRY4
Compiling module simprims_ver.x_lut2_mux4
Compiling module simprims_ver.LUT2
Compiling module simprims_ver.LUT6
Compiling module simprims_ver.LUT5
Compiling module simprims_ver.x_lut3_mux8
Compiling module simprims_ver.LUT3
Compiling module simprims_ver.DSP48E1(ACASCREG=0,ALUMODEREG=0,...
Compiling module simprims_ver.DSP48E1(ACASCREG=0,ALUMODEREG=0,...
Compiling module simprims_ver.LUT4
Compiling module xil_defaultlib.plane_collision__parameterized4
Compiling module simprims_ver.DSP48E1(ACASCREG=0,ALUMODEREG=0,...
Compiling module simprims_ver.DSP48E1(ACASCREG=0,ALUMODEREG=0,...
Compiling module xil_defaultlib.plane_collision__parameterized4_...
Compiling module xil_defaultlib.plane_collision__parameterized2
Compiling module xil_defaultlib.plane_collision__parameterized2_...
Compiling module xil_defaultlib.plane_collision
Compiling module xil_defaultlib.plane_collision_2
Compiling module xil_defaultlib.block_collision
Compiling module xil_defaultlib.top_module
Compiling architecture behavioral of entity xil_defaultlib.top_module_tb
Built simulation snapshot top_module_tb_time_impl
